<?xml version="1.0" encoding="UTF-8"?>
<coverage generated="1570381302431" clover="3.2.0">
  <project timestamp="1570381302431" name="All files">
    <metrics statements="36" coveredstatements="33" conditionals="15" coveredconditionals="13" methods="4" coveredmethods="3" elements="55" coveredelements="49" complexity="0" loc="36" ncloc="36" packages="1" files="2" classes="2"/>
    <file name="helpers.ts" path="/home/damien/Dev/bonjour-madame/src/helpers.ts">
      <metrics statements="10" coveredstatements="7" conditionals="1" coveredconditionals="0" methods="2" coveredmethods="1"/>
      <line num="1" count="1" type="stmt"/>
      <line num="2" count="1" type="stmt"/>
      <line num="4" count="1" type="cond" truecount="0" falsecount="1"/>
      <line num="5" count="0" type="stmt"/>
      <line num="11" count="0" type="stmt"/>
      <line num="13" count="0" type="stmt"/>
      <line num="16" count="1" type="stmt"/>
      <line num="17" count="15" type="stmt"/>
      <line num="19" count="15" type="stmt"/>
      <line num="21" count="15" type="stmt"/>
    </file>
    <file name="index.ts" path="/home/damien/Dev/bonjour-madame/src/index.ts">
      <metrics statements="26" coveredstatements="26" conditionals="14" coveredconditionals="13" methods="2" coveredmethods="2"/>
      <line num="1" count="1" type="stmt"/>
      <line num="2" count="1" type="stmt"/>
      <line num="11" count="1" type="stmt"/>
      <line num="13" count="4" type="stmt"/>
      <line num="19" count="4" type="stmt"/>
      <line num="20" count="4" type="stmt"/>
      <line num="23" count="4" type="cond" truecount="2" falsecount="0"/>
      <line num="24" count="1" type="stmt"/>
      <line num="28" count="3" type="cond" truecount="2" falsecount="0"/>
      <line num="29" count="1" type="stmt"/>
      <line num="33" count="2" type="stmt"/>
      <line num="35" count="2" type="stmt"/>
      <line num="36" count="2" type="stmt"/>
      <line num="37" count="2" type="stmt"/>
      <line num="38" count="2" type="cond" truecount="2" falsecount="0"/>
      <line num="41" count="2" type="cond" truecount="2" falsecount="0"/>
      <line num="42" count="1" type="stmt"/>
      <line num="45" count="2" type="stmt"/>
      <line num="49" count="3" type="stmt"/>
      <line num="56" count="3" type="stmt"/>
      <line num="57" count="3" type="stmt"/>
      <line num="58" count="3" type="stmt"/>
      <line num="59" count="3" type="cond" truecount="2" falsecount="0"/>
      <line num="62" count="3" type="cond" truecount="2" falsecount="0"/>
      <line num="63" count="1" type="stmt"/>
      <line num="66" count="3" type="stmt"/>
    </file>
  </project>
</coverage>
