{"/home/damien/Dev/bonjour-madame/src/helpers.ts": {"path":"/home/damien/Dev/bonjour-madame/src/helpers.ts","statementMap":{"0":{"start":{"line":1,"column":0},"end":{"line":1,"column":50}},"1":{"start":{"line":2,"column":0},"end":{"line":2,"column":35}},"2":{"start":{"line":5,"column":42},"end":{"line":9,"column":4}},"3":{"start":{"line":11,"column":19},"end":{"line":11,"column":43}},"4":{"start":{"line":13,"column":2},"end":{"line":13,"column":23}},"5":{"start":{"line":4,"column":0},"end":{"line":4,"column":22}},"6":{"start":{"line":17,"column":12},"end":{"line":17,"column":30}},"7":{"start":{"line":19,"column":16},"end":{"line":19,"column":39}},"8":{"start":{"line":21,"column":2},"end":{"line":29,"column":4}},"9":{"start":{"line":16,"column":0},"end":{"line":16,"column":16}}},"fnMap":{"0":{"name":"request","decl":{"start":{"line":4,"column":22},"end":{"line":4,"column":29}},"loc":{"start":{"line":4,"column":65},"end":{"line":14,"column":null}}},"1":{"name":"parsePage","decl":{"start":{"line":16,"column":16},"end":{"line":16,"column":25}},"loc":{"start":{"line":16,"column":38},"end":{"line":30,"column":1}}}},"branchMap":{"0":{"loc":{"start":{"line":4,"column":36},"end":{"line":4,"column":65}},"type":"default-arg","locations":[{"start":{"line":4,"column":36},"end":{"line":4,"column":65}}]}},"s":{"0":1,"1":1,"2":0,"3":0,"4":0,"5":1,"6":15,"7":15,"8":15,"9":1},"f":{"0":0,"1":15},"b":{"0":[0]}}
,"/home/damien/Dev/bonjour-madame/src/index.ts": {"path":"/home/damien/Dev/bonjour-madame/src/index.ts","statementMap":{"0":{"start":{"line":1,"column":0},"end":{"line":1,"column":36}},"1":{"start":{"line":2,"column":0},"end":{"line":2,"column":33}},"2":{"start":{"line":13,"column":27},"end":{"line":17,"column":6}},"3":{"start":{"line":19,"column":14},"end":{"line":19,"column":26}},"4":{"start":{"line":20,"column":22},"end":{"line":20,"column":42}},"5":{"start":{"line":23,"column":4},"end":{"line":25,"column":null}},"6":{"start":{"line":24,"column":6},"end":{"line":24,"column":52}},"7":{"start":{"line":28,"column":4},"end":{"line":30,"column":null}},"8":{"start":{"line":29,"column":6},"end":{"line":29,"column":33}},"9":{"start":{"line":33,"column":16},"end":{"line":33,"column":71}},"10":{"start":{"line":35,"column":17},"end":{"line":35,"column":42}},"11":{"start":{"line":36,"column":4},"end":{"line":36,"column":52}},"12":{"start":{"line":37,"column":4},"end":{"line":37,"column":48}},"13":{"start":{"line":38,"column":4},"end":{"line":38,"column":59}},"14":{"start":{"line":41,"column":4},"end":{"line":43,"column":null}},"15":{"start":{"line":42,"column":6},"end":{"line":42,"column":31}},"16":{"start":{"line":45,"column":4},"end":{"line":45,"column":18}},"17":{"start":{"line":49,"column":27},"end":{"line":53,"column":6}},"18":{"start":{"line":56,"column":17},"end":{"line":56,"column":39}},"19":{"start":{"line":57,"column":4},"end":{"line":57,"column":52}},"20":{"start":{"line":58,"column":4},"end":{"line":58,"column":48}},"21":{"start":{"line":59,"column":4},"end":{"line":59,"column":85}},"22":{"start":{"line":62,"column":4},"end":{"line":64,"column":null}},"23":{"start":{"line":63,"column":6},"end":{"line":63,"column":31}},"24":{"start":{"line":66,"column":4},"end":{"line":66,"column":18}},"25":{"start":{"line":11,"column":0},"end":{"line":11,"column":13}}},"fnMap":{"0":{"name":"(anonymous_7)","decl":{"start":{"line":12,"column":15},"end":{"line":12,"column":24}},"loc":{"start":{"line":12,"column":54},"end":{"line":46,"column":null}}},"1":{"name":"(anonymous_9)","decl":{"start":{"line":48,"column":15},"end":{"line":48,"column":18}},"loc":{"start":{"line":48,"column":36},"end":{"line":67,"column":null}}}},"branchMap":{"0":{"loc":{"start":{"line":12,"column":49},"end":{"line":12,"column":54}},"type":"default-arg","locations":[{"start":{"line":12,"column":49},"end":{"line":12,"column":54}}]},"1":{"loc":{"start":{"line":23,"column":4},"end":{"line":25,"column":null}},"type":"if","locations":[{"start":{"line":23,"column":4},"end":{"line":25,"column":null}},{"start":{"line":23,"column":4},"end":{"line":25,"column":null}}]},"2":{"loc":{"start":{"line":28,"column":4},"end":{"line":30,"column":null}},"type":"if","locations":[{"start":{"line":28,"column":4},"end":{"line":30,"column":null}},{"start":{"line":28,"column":4},"end":{"line":30,"column":null}}]},"3":{"loc":{"start":{"line":38,"column":21},"end":{"line":38,"column":51}},"type":"binary-expr","locations":[{"start":{"line":38,"column":21},"end":{"line":38,"column":51}},{"start":{"line":38,"column":55},"end":{"line":38,"column":58}}]},"4":{"loc":{"start":{"line":41,"column":4},"end":{"line":43,"column":null}},"type":"if","locations":[{"start":{"line":41,"column":4},"end":{"line":43,"column":null}},{"start":{"line":41,"column":4},"end":{"line":43,"column":null}}]},"5":{"loc":{"start":{"line":48,"column":31},"end":{"line":48,"column":36}},"type":"default-arg","locations":[{"start":{"line":48,"column":31},"end":{"line":48,"column":36}}]},"6":{"loc":{"start":{"line":59,"column":21},"end":{"line":59,"column":51}},"type":"binary-expr","locations":[{"start":{"line":59,"column":21},"end":{"line":59,"column":51}},{"start":{"line":59,"column":55},"end":{"line":59,"column":84}}]},"7":{"loc":{"start":{"line":62,"column":4},"end":{"line":64,"column":null}},"type":"if","locations":[{"start":{"line":62,"column":4},"end":{"line":64,"column":null}},{"start":{"line":62,"column":4},"end":{"line":64,"column":null}}]}},"s":{"0":1,"1":1,"2":4,"3":4,"4":4,"5":4,"6":1,"7":3,"8":1,"9":2,"10":2,"11":2,"12":2,"13":2,"14":2,"15":1,"16":2,"17":3,"18":3,"19":3,"20":3,"21":3,"22":3,"23":1,"24":3,"25":1},"f":{"0":4,"1":3},"b":{"0":[3],"1":[1,3],"2":[1,2],"3":[2,2],"4":[1,1],"5":[0],"6":[3,3],"7":[1,2]}}
}
