TN:
SF:/home/damien/Dev/bonjour-madame/src/helpers.ts
FN:4,request
FN:16,parsePage
FNF:2
FNH:1
FNDA:0,request
FNDA:15,parsePage
DA:1,1
DA:2,1
DA:4,1
DA:5,0
DA:11,0
DA:13,0
DA:16,1
DA:17,15
DA:19,15
DA:21,15
LF:10
LH:7
BRDA:4,0,0,0
BRF:1
BRH:0
end_of_record
TN:
SF:/home/damien/Dev/bonjour-madame/src/index.ts
FN:12,(anonymous_7)
FN:48,(anonymous_9)
FNF:2
FNH:2
FNDA:4,(anonymous_7)
FNDA:3,(anonymous_9)
DA:1,1
DA:2,1
DA:11,1
DA:13,4
DA:19,4
DA:20,4
DA:23,4
DA:24,1
DA:28,3
DA:29,1
DA:33,2
DA:35,2
DA:36,2
DA:37,2
DA:38,2
DA:41,2
DA:42,1
DA:45,2
DA:49,3
DA:56,3
DA:57,3
DA:58,3
DA:59,3
DA:62,3
DA:63,1
DA:66,3
LF:26
LH:26
BRDA:12,0,0,3
BRDA:23,1,0,1
BRDA:23,1,1,3
BRDA:28,2,0,1
BRDA:28,2,1,2
BRDA:38,3,0,2
BRDA:38,3,1,2
BRDA:41,4,0,1
BRDA:41,4,1,1
BRDA:48,5,0,0
BRDA:59,6,0,3
BRDA:59,6,1,3
BRDA:62,7,0,1
BRDA:62,7,1,2
BRF:14
BRH:13
end_of_record
